{"C:\\Users\\paulo.marinho\\WebstormProjects\\tree-to-list\\treetolist.js": {"path":"C:\\Users\\paulo.marinho\\WebstormProjects\\tree-to-list\\treetolist.js","statementMap":{"0":{"start":{"line":1,"column":23},"end":{"line":5,"column":1}},"1":{"start":{"line":7,"column":4},"end":{"line":7,"column":57}},"2":{"start":{"line":8,"column":46},"end":{"line":8,"column":53}},"3":{"start":{"line":10,"column":19},"end":{"line":10,"column":71}},"4":{"start":{"line":10,"column":38},"end":{"line":10,"column":70}},"5":{"start":{"line":12,"column":4},"end":{"line":23,"column":5}},"6":{"start":{"line":13,"column":8},"end":{"line":13,"column":31}},"7":{"start":{"line":14,"column":8},"end":{"line":14,"column":65}},"8":{"start":{"line":14,"column":40},"end":{"line":14,"column":62}},"9":{"start":{"line":15,"column":8},"end":{"line":19,"column":11}},"10":{"start":{"line":16,"column":22},"end":{"line":16,"column":51}},"11":{"start":{"line":18,"column":12},"end":{"line":18,"column":38}},"12":{"start":{"line":20,"column":8},"end":{"line":20,"column":22}},"13":{"start":{"line":22,"column":8},"end":{"line":22,"column":22}},"14":{"start":{"line":25,"column":0},"end":{"line":25,"column":27}}},"fnMap":{"0":{"name":"treetolist","decl":{"start":{"line":6,"column":9},"end":{"line":6,"column":19}},"loc":{"start":{"line":6,"column":52},"end":{"line":24,"column":1}},"line":6},"1":{"name":"(anonymous_1)","decl":{"start":{"line":10,"column":33},"end":{"line":10,"column":34}},"loc":{"start":{"line":10,"column":38},"end":{"line":10,"column":70}},"line":10},"2":{"name":"(anonymous_2)","decl":{"start":{"line":14,"column":30},"end":{"line":14,"column":31}},"loc":{"start":{"line":14,"column":40},"end":{"line":14,"column":62}},"line":14},"3":{"name":"(anonymous_3)","decl":{"start":{"line":15,"column":23},"end":{"line":15,"column":24}},"loc":{"start":{"line":15,"column":28},"end":{"line":19,"column":9}},"line":15}},"branchMap":{"0":{"loc":{"start":{"line":6,"column":37},"end":{"line":6,"column":49}},"type":"default-arg","locations":[{"start":{"line":6,"column":47},"end":{"line":6,"column":49}}],"line":6},"1":{"loc":{"start":{"line":12,"column":4},"end":{"line":23,"column":5}},"type":"if","locations":[{"start":{"line":12,"column":4},"end":{"line":23,"column":5}},{"start":{"line":12,"column":4},"end":{"line":23,"column":5}}],"line":12},"2":{"loc":{"start":{"line":12,"column":7},"end":{"line":12,"column":34}},"type":"binary-expr","locations":[{"start":{"line":12,"column":7},"end":{"line":12,"column":13}},{"start":{"line":12,"column":17},"end":{"line":12,"column":34}}],"line":12}},"s":{"0":1,"1":7,"2":7,"3":7,"4":24,"5":7,"6":3,"7":3,"8":14,"9":3,"10":6,"11":6,"12":3,"13":4,"14":1},"f":{"0":7,"1":24,"2":14,"3":6},"b":{"0":[0],"1":[3,4],"2":[7,7]},"_coverageSchema":"1a1c01bbd47fc00a2c39e90264f33305004495a9","hash":"9d684b3cc52eda7e796d1c86a7fd3a9e4df1e671"}
}
